Arguments: 
  C:\Program Files\nodejs\node.exe C:\Program Files\nodejs\node_modules\yarn\bin\yarn.js init

PATH: 
  C:\Program Files\Git\mingw64\bin;C:\Program Files\Git\usr\bin;C:\Users\ravuthz\bin;C:\ProgramData\DockerDesktop\version-bin;C:\Program Files\Docker\Docker\Resources\bin;C:\Program Files\Common Files\Oracle\Java\javapath;C:\Program Files\Python37\Scripts;C:\Program Files\Python37;C:\Program Files\Microsoft MPI\Bin;C:\WINDOWS\system32;C:\WINDOWS;C:\WINDOWS\System32\Wbem;C:\WINDOWS\System32\WindowsPowerShell\v1.0;C:\WINDOWS\System32\OpenSSH;C:\Program Files\Git\cmd;C:\Program Files\Microsoft SQL Server\Client SDK\ODBC\130\Tools\Binn;C:\Program Files (x86)\Microsoft SQL Server\140\Tools\Binn;C:\Program Files\Microsoft SQL Server\140\Tools\Binn;C:\Program Files\Microsoft SQL Server\140\DTS\Binn;C:\Program Files (x86)\Microsoft SQL Server\150\DTS\Binn;C:\Program Files (x86)\Windows Kits\8.1\Windows Performance Toolkit;C:\Program Files\Microsoft SQL Server\110\Tools\Binn;D:\apps\apache-maven-3.6.1\bin;C:\Program Files\PuTTY;C:\Program Files\Amazon\AWSCLIV2;C:\Other;C:\Program Files\Microsoft VS Code\bin;C:\Program Files (x86)\GnuWin32\bin;C:\Other\nvm;C:\Other\nvm;C:\Program Files\nodejs;C:\Program Files\PostgreSQL\11\bin;C:\ProgramData\chocolatey\bin;C:\Users\ravuthz\AppData\Roaming\Composer\vendor\bin;C:\Other\laragon;C:\Other\laragon\bin\php\php-7.4.12-Win32-vc15-x64;C:\Other\keycloak-11.0.3\bin;C:\Users\ravuthz\AppData\Local\Microsoft\WindowsApps;C:\Program Files\JetBrains\PyCharm 2020.1\bin;C:\Other\nvm;C:\Program Files\nodejs;C:\Users\ravuthz\AppData\Local\atom\bin;C:\Users\ravuthz\AppData\Local\GitHubDesktop\bin;C:\Program Files\JetBrains\PhpStorm 2020.2.4\bin;C:\Program Files\JetBrains\IntelliJ IDEA 2020.1\bin;C:\Users\ravuthz\AppData\Local\Microsoft\WindowsApps

Yarn version: 
  1.22.10

Node version: 
  12.13.0

Platform: 
  win32 x64

Trace: 
  Error: canceled
      at Interface.<anonymous> (C:\Other\nvm\v12.13.0\node_modules\yarn\lib\cli.js:136216:13)
      at Interface.emit (events.js:210:5)
      at Interface._ttyWrite (readline.js:887:16)
      at ReadStream.onkeypress (readline.js:191:10)
      at ReadStream.emit (events.js:210:5)
      at emitKeys (internal/readline/utils.js:433:14)
      at emitKeys.next (<anonymous>)
      at ReadStream.onData (readline.js:1153:36)
      at ReadStream.emit (events.js:210:5)
      at addChunk (_stream_readable.js:308:12)

npm manifest: 
  No manifest

yarn manifest: 
  No manifest

Lockfile: 
  No lockfile
